<?xml version="1.0" encoding="UTF-8"?>
<testng-results ignored="0" total="4" passed="4" failed="0" skipped="0">
  <reporter-output>
  </reporter-output>
  <suite started-at="2021-10-16T18:55:07 IST" name="Suite" finished-at="2021-10-16T18:55:07 IST" duration-ms="47">
    <groups>
    </groups>
    <test started-at="2021-10-16T18:55:07 IST" name="Test" finished-at="2021-10-16T18:55:07 IST" duration-ms="47">
      <class name="qaclickacademy.AppiumTest">
        <test-method signature="iosapp()[pri:0, instance:qaclickacademy.AppiumTest@26275bef]" started-at="2021-10-16T18:55:07 IST" name="iosapp" finished-at="2021-10-16T18:55:07 IST" duration-ms="1" status="PASS">
          <reporter-output>
          </reporter-output>
        </test-method> <!-- iosapp -->
        <test-method signature="nativeapp()[pri:0, instance:qaclickacademy.AppiumTest@26275bef]" started-at="2021-10-16T18:55:07 IST" name="nativeapp" finished-at="2021-10-16T18:55:07 IST" duration-ms="0" status="PASS">
          <reporter-output>
          </reporter-output>
        </test-method> <!-- nativeapp -->
      </class> <!-- qaclickacademy.AppiumTest -->
      <class name="qaclickacademy.APITest">
        <test-method signature="deletetwitter()[pri:0, instance:qaclickacademy.APITest@5939a379]" started-at="2021-10-16T18:55:07 IST" name="deletetwitter" finished-at="2021-10-16T18:55:07 IST" duration-ms="11" status="PASS">
          <reporter-output>
          </reporter-output>
        </test-method> <!-- deletetwitter -->
        <test-method signature="postjira()[pri:0, instance:qaclickacademy.APITest@5939a379]" started-at="2021-10-16T18:55:07 IST" name="postjira" finished-at="2021-10-16T18:55:07 IST" duration-ms="0" status="PASS">
          <reporter-output>
          </reporter-output>
        </test-method> <!-- postjira -->
      </class> <!-- qaclickacademy.APITest -->
    </test> <!-- Test -->
  </suite> <!-- Suite -->
</testng-results>
