<?xml version="1.0" encoding="UTF-8"?>
<!-- Generated by org.testng.reporters.JUnitXMLReporter -->
<testsuite ignored="0" hostname="LAPTOP-QIHU6NNP" failures="0" tests="4" name="Test" time="0.047" errors="0" timestamp="2021-10-16T18:55:07 IST">
  <testcase classname="qaclickacademy.APITest" name="deletetwitter" time="0.011"/>
  <testcase classname="qaclickacademy.APITest" name="postjira" time="0.0"/>
  <testcase classname="qaclickacademy.AppiumTest" name="iosapp" time="0.001"/>
  <testcase classname="qaclickacademy.AppiumTest" name="nativeapp" time="0.0"/>
</testsuite> <!-- Test -->
