<?xml version="1.0" encoding="UTF-8"?>
<testng-results ignored="0" total="6" passed="6" failed="0" skipped="0">
  <reporter-output>
  </reporter-output>
  <suite started-at="2021-11-23T18:05:11 IST" name="Suite" finished-at="2021-11-23T18:05:11 IST" duration-ms="48">
    <groups>
    </groups>
    <test started-at="2021-11-23T18:05:11 IST" name="Test" finished-at="2021-11-23T18:05:11 IST" duration-ms="48">
      <class name="qaclickacademy.AppiumTest">
        <test-method signature="iosapp()[pri:0, instance:qaclickacademy.AppiumTest@28f2a10f]" started-at="2021-11-23T18:05:11 IST" name="iosapp" finished-at="2021-11-23T18:05:11 IST" duration-ms="1" status="PASS">
          <reporter-output>
          </reporter-output>
        </test-method> <!-- iosapp -->
        <test-method signature="nativeapp()[pri:0, instance:qaclickacademy.AppiumTest@28f2a10f]" started-at="2021-11-23T18:05:11 IST" name="nativeapp" finished-at="2021-11-23T18:05:11 IST" duration-ms="1" status="PASS">
          <reporter-output>
          </reporter-output>
        </test-method> <!-- nativeapp -->
      </class> <!-- qaclickacademy.AppiumTest -->
      <class name="qaclickacademy.APITest">
        <test-method signature="deletetwitter()[pri:0, instance:qaclickacademy.APITest@1b1426f4]" started-at="2021-11-23T18:05:11 IST" name="deletetwitter" finished-at="2021-11-23T18:05:11 IST" duration-ms="6" status="PASS">
          <reporter-output>
          </reporter-output>
        </test-method> <!-- deletetwitter -->
        <test-method signature="postjira()[pri:0, instance:qaclickacademy.APITest@1b1426f4]" started-at="2021-11-23T18:05:11 IST" name="postjira" finished-at="2021-11-23T18:05:11 IST" duration-ms="1" status="PASS">
          <reporter-output>
          </reporter-output>
        </test-method> <!-- postjira -->
      </class> <!-- qaclickacademy.APITest -->
      <class name="qaclickacademy.seleniumTest">
        <test-method signature="browseraut()[pri:0, instance:qaclickacademy.seleniumTest@f736069]" started-at="2021-11-23T18:05:11 IST" name="browseraut" finished-at="2021-11-23T18:05:11 IST" duration-ms="1" status="PASS">
          <reporter-output>
          </reporter-output>
        </test-method> <!-- browseraut -->
        <test-method signature="elementsui()[pri:0, instance:qaclickacademy.seleniumTest@f736069]" started-at="2021-11-23T18:05:11 IST" name="elementsui" finished-at="2021-11-23T18:05:11 IST" duration-ms="1" status="PASS">
          <reporter-output>
          </reporter-output>
        </test-method> <!-- elementsui -->
      </class> <!-- qaclickacademy.seleniumTest -->
    </test> <!-- Test -->
  </suite> <!-- Suite -->
</testng-results>
