<?xml version="1.0" encoding="UTF-8"?>
<!-- Generated by org.testng.reporters.JUnitXMLReporter -->
<testsuite ignored="0" hostname="LAPTOP-QIHU6NNP" failures="0" tests="6" name="Test" time="0.048" errors="0" timestamp="2021-11-23T18:05:11 IST">
  <testcase classname="qaclickacademy.APITest" name="deletetwitter" time="0.006"/>
  <testcase classname="qaclickacademy.APITest" name="postjira" time="0.001"/>
  <testcase classname="qaclickacademy.AppiumTest" name="iosapp" time="0.001"/>
  <testcase classname="qaclickacademy.AppiumTest" name="nativeapp" time="0.001"/>
  <testcase classname="qaclickacademy.seleniumTest" name="browseraut" time="0.001"/>
  <testcase classname="qaclickacademy.seleniumTest" name="elementsui" time="0.001"/>
</testsuite> <!-- Test -->
